<?xml version="1.0" encoding="UTF-8"?>
<!-- Generated by org.testng.reporters.JUnitReportReporter -->
<testsuite hostname="LAPTOP-TV4L39K6" failures="0" tests="1" name="seleniumGridUsingDocker.ChromeTest" time="17.019" errors="0" timestamp="2024-05-10T12:30:41 IST" skipped="0">
  <testcase classname="seleniumGridUsingDocker.ChromeTest" name="testGridSetup" time="17.019"/>
  <system-out/>
</testsuite> <!-- seleniumGridUsingDocker.ChromeTest -->
