<?xml version="1.0" encoding="UTF-8"?>
<!-- Generated by org.testng.reporters.JUnitReportReporter -->
<testsuite hostname="LAPTOP-TV4L39K6" failures="0" tests="1" name="com.TestNGDemos.D09POMClient" time="5.521" errors="0" timestamp="2024-04-24T18:51:49 IST" skipped="0">
  <testcase classname="com.TestNGDemos.D09POMClient" name="login" time="5.521"/>
  <system-out/>
</testsuite> <!-- com.TestNGDemos.D09POMClient -->
