<?xml version="1.0" encoding="UTF-8"?>
<!-- Generated by org.testng.reporters.JUnitReportReporter -->
<testsuite hostname="LAPTOP-TV4L39K6" failures="0" tests="3" name="com.TestNGDemos.D02MultipleTests" time="12.501" errors="0" timestamp="2024-04-16T16:27:51 IST" skipped="0">
  <testcase classname="com.TestNGDemos.D02MultipleTests" name="openFlipkart" time="3.514"/>
  <system-out/>
  <testcase classname="com.TestNGDemos.D02MultipleTests" name="openAmazon" time="2.403"/>
  <system-out/>
  <testcase classname="com.TestNGDemos.D02MultipleTests" name="openMyntra" time="6.584"/>
  <system-out/>
</testsuite> <!-- com.TestNGDemos.D02MultipleTests -->
