<?xml version="1.0" encoding="UTF-8"?>
<!-- Generated by org.testng.reporters.JUnitReportReporter -->
<testsuite hostname="LAPTOP-TV4L39K6" failures="0" tests="6" name="com.TestNGDemos.D12LoginToOHRM_DDF" time="14.295" errors="0" timestamp="2024-04-23T20:05:53 IST" skipped="0">
  <testcase classname="com.TestNGDemos.D12LoginToOHRM_DDF" name="login" time="3.611"/>
  <system-out/>
  <testcase classname="com.TestNGDemos.D12LoginToOHRM_DDF" name="login" time="2.097"/>
  <system-out/>
  <testcase classname="com.TestNGDemos.D12LoginToOHRM_DDF" name="login" time="2.109"/>
  <system-out/>
  <testcase classname="com.TestNGDemos.D12LoginToOHRM_DDF" name="login" time="1.539"/>
  <system-out/>
  <testcase classname="com.TestNGDemos.D12LoginToOHRM_DDF" name="login" time="3.597"/>
  <system-out/>
  <testcase classname="com.TestNGDemos.D12LoginToOHRM_DDF" name="login" time="1.342"/>
  <system-out/>
</testsuite> <!-- com.TestNGDemos.D12LoginToOHRM_DDF -->
