<?xml version="1.0" encoding="UTF-8"?>
<!-- Generated by org.testng.reporters.JUnitReportReporter -->
<testsuite hostname="LAPTOP-TV4L39K6" failures="0" tests="1" name="com.TestNGDemos.D11ReadFromExcel" time="0.019" errors="0" timestamp="2024-04-23T19:46:58 IST" skipped="0">
  <testcase classname="com.TestNGDemos.D11ReadFromExcel" name="readData" time="0.019"/>
  <system-out/>
</testsuite> <!-- com.TestNGDemos.D11ReadFromExcel -->
