<?xml version="1.0" encoding="UTF-8"?>
<!-- Generated by org.testng.reporters.JUnitReportReporter -->
<testsuite hostname="LAPTOP-TV4L39K6" failures="0" tests="3" name="com.TestNGDemos.D03Before_After_Test" time="9.562" errors="0" timestamp="2024-04-16T17:06:02 IST" skipped="0">
  <testcase classname="com.TestNGDemos.D03Before_After_Test" name="openFlipkart" time="2.876"/>
  <system-out/>
  <testcase classname="com.TestNGDemos.D03Before_After_Test" name="openAmazon" time="2.430"/>
  <system-out/>
  <testcase classname="com.TestNGDemos.D03Before_After_Test" name="openMyntra" time="4.256"/>
  <system-out/>
</testsuite> <!-- com.TestNGDemos.D03Before_After_Test -->
