<?xml version="1.0" encoding="UTF-8"?>
<!-- Generated by org.testng.reporters.JUnitReportReporter -->
<testsuite hostname="LAPTOP-TV4L39K6" failures="0" tests="3" name="seleniumGridUsingDocker.ParallelTest" time="66.165" errors="0" timestamp="2024-05-10T17:21:36 IST" skipped="0">
  <testcase classname="seleniumGridUsingDocker.ParallelTest" name="testGrid" time="21.186"/>
  <system-out/>
  <testcase classname="seleniumGridUsingDocker.ParallelTest" name="testGrid" time="20.835"/>
  <system-out/>
  <testcase classname="seleniumGridUsingDocker.ParallelTest" name="testGrid" time="24.144"/>
  <system-out/>
</testsuite> <!-- seleniumGridUsingDocker.ParallelTest -->
