<?xml version="1.0" encoding="UTF-8"?>
<!-- Generated by org.testng.reporters.JUnitReportReporter -->
<testsuite hostname="LAPTOP-TV4L39K6" failures="0" tests="1" name="com.TestNGDemos.D13POMOrangeOHRMClient" time="7.046" errors="0" timestamp="2024-04-27T14:17:19 IST" skipped="0">
  <testcase classname="com.TestNGDemos.D13POMOrangeOHRMClient" name="login" time="7.046"/>
  <system-out/>
</testsuite> <!-- com.TestNGDemos.D13POMOrangeOHRMClient -->
