<?xml version="1.0" encoding="UTF-8"?>
<!-- Generated by org.testng.reporters.JUnitReportReporter -->
<testsuite hostname="LAPTOP-TV4L39K6" failures="0" tests="1" name="com.TestNGDemos.D07Parameterization" time="1.939" errors="0" timestamp="2024-04-17T20:52:00 IST" skipped="0">
  <testcase classname="com.TestNGDemos.D07Parameterization" name="login" time="1.939"/>
  <system-out/>
</testsuite> <!-- com.TestNGDemos.D07Parameterization -->
