<?xml version="1.0" encoding="UTF-8"?>
<!-- Generated by org.testng.reporters.JUnitReportReporter -->
<testsuite hostname="LAPTOP-TV4L39K6" failures="0" tests="3" name="com.TestNGDemos.D04Before_After_Method" time="6.858" errors="0" timestamp="2024-04-17T10:45:31 IST" skipped="0">
  <testcase classname="com.TestNGDemos.D04Before_After_Method" name="openFlipkart" time="1.861"/>
  <system-out/>
  <testcase classname="com.TestNGDemos.D04Before_After_Method" name="openAmazon" time="2.674"/>
  <system-out/>
  <testcase classname="com.TestNGDemos.D04Before_After_Method" name="openMyntra" time="2.323"/>
  <system-out/>
</testsuite> <!-- com.TestNGDemos.D04Before_After_Method -->
