<?xml version="1.0" encoding="UTF-8"?>
<!-- Generated by org.testng.reporters.JUnitReportReporter -->
<testsuite hostname="LAPTOP-TV4L39K6" failures="0" tests="1" name="com.CRM.TestCases.LoginPageTest" time="2.227" errors="0" timestamp="2024-05-10T17:09:14 IST" skipped="0">
  <testcase classname="com.CRM.TestCases.LoginPageTest" name="validateLogin" time="2.227"/>
  <system-out/>
</testsuite> <!-- com.CRM.TestCases.LoginPageTest -->
