<?xml version="1.0" encoding="UTF-8"?>
<!-- Generated by org.testng.reporters.JUnitReportReporter -->
<testsuite hostname="LAPTOP-TV4L39K6" failures="0" tests="2" name="com.TestNGDemos.D06AmazonTest" time="24.708" errors="0" timestamp="2024-04-17T20:47:17 IST" skipped="0">
  <testcase classname="com.TestNGDemos.D06AmazonTest" name="clickOnElectronics" time="20.227"/>
  <system-out/>
  <testcase classname="com.TestNGDemos.D06AmazonTest" name="clickOnMobiles" time="4.481"/>
  <system-out/>
</testsuite> <!-- com.TestNGDemos.D06AmazonTest -->
