<?xml version="1.0" encoding="UTF-8"?>
<!-- Generated by org.testng.reporters.JUnitReportReporter -->
<testsuite hostname="LAPTOP-TV4L39K6" failures="0" tests="1" name="com.TestNGDemos.D01FirstTest" time="5.811" errors="0" timestamp="2024-04-26T13:07:32 IST" skipped="0">
  <testcase classname="com.TestNGDemos.D01FirstTest" name="openRediff" time="5.811"/>
  <system-out/>
</testsuite> <!-- com.TestNGDemos.D01FirstTest -->
