<?xml version="1.0" encoding="UTF-8"?>
<!-- Generated by org.testng.reporters.JUnitReportReporter -->
<testsuite hostname="LAPTOP-TV4L39K6" failures="0" tests="1" name="com.TestNGDemos.D10WriteToExcel" time="0.022" errors="0" timestamp="2024-04-19T13:41:17 IST" skipped="0">
  <testcase classname="com.TestNGDemos.D10WriteToExcel" name="writeDataToExcel" time="0.022"/>
  <system-out/>
</testsuite> <!-- com.TestNGDemos.D10WriteToExcel -->
